TN:
SF:api\movies.js
FN:3,Object.<anonymous>.module.exports
FNF:1
FNH:1
FNDA:1,Object.<anonymous>.module.exports
DA:1,1
DA:2,1
DA:3,1
DA:4,1
DA:5,1
DA:6,0
DA:7,0
DA:8,0
DA:9,1
DA:10,1
DA:11,2
DA:12,2
DA:13,1
DA:14,1
DA:15,1
DA:16,1
DA:17,1
DA:18,2
DA:19,2
DA:20,2
DA:21,1
DA:22,1
DA:23,1
DA:24,1
DA:25,1
DA:26,1
DA:27,1
DA:28,1
DA:29,1
DA:30,1
DA:31,1
DA:32,1
DA:33,1
DA:34,1
DA:35,1
DA:36,1
DA:37,1
DA:38,1
DA:39,1
DA:40,1
DA:41,1
LF:41
LH:38
BRDA:3,0,0,1
BRDA:10,1,0,2
BRDA:12,2,0,1
BRDA:17,3,0,2
BRDA:22,4,0,1
BRDA:35,5,0,1
BRF:6
BRH:6
end_of_record
TN:
SF:config\database.js
FN:4,connect
FN:12,disconnect
FNF:2
FNH:2
FNDA:9,connect
FNDA:4,disconnect
DA:1,1
DA:2,1
DA:3,1
DA:4,9
DA:5,9
DA:6,9
DA:7,9
DA:8,9
DA:9,9
DA:10,9
DA:11,1
DA:12,4
DA:13,4
DA:14,2
DA:15,2
DA:16,2
DA:17,2
DA:18,1
DA:19,1
DA:20,1
DA:21,1
DA:22,1
LF:22
LH:22
BRDA:4,0,0,9
BRDA:6,1,0,2
BRDA:12,2,0,4
BRDA:13,3,0,2
BRF:4
BRH:4
end_of_record
TN:
SF:middlewares\validationMiddleware.js
FN:3,validateMovie
FNF:1
FNH:1
FNDA:2,validateMovie
DA:1,1
DA:2,1
DA:3,2
DA:4,2
DA:5,2
DA:6,1
DA:7,1
DA:8,1
DA:9,1
DA:10,1
DA:11,1
DA:12,1
DA:13,1
DA:14,1
DA:15,1
LF:15
LH:15
BRDA:3,0,0,2
BRDA:5,1,0,1
BRDA:7,2,0,1
BRF:3
BRH:3
end_of_record
TN:
SF:repository\repository.js
FN:6,getAllMovies
FN:11,getMovieById
FN:16,getMoviePremieres
FN:24,addMovie
FN:31,deleteMovie
FNF:5
FNH:5
FNDA:2,getAllMovies
FNDA:1,getMovieById
FNDA:1,getMoviePremieres
FNDA:2,addMovie
FNDA:2,deleteMovie
DA:1,1
DA:2,1
DA:3,1
DA:4,1
DA:5,1
DA:6,2
DA:7,2
DA:8,2
DA:9,2
DA:10,1
DA:11,1
DA:12,1
DA:13,1
DA:14,1
DA:15,1
DA:16,1
DA:17,1
DA:18,1
DA:19,1
DA:20,1
DA:21,1
DA:22,1
DA:23,1
DA:24,2
DA:25,2
DA:26,2
DA:27,2
DA:28,2
DA:29,2
DA:30,1
DA:31,2
DA:32,2
DA:33,2
DA:34,2
DA:35,1
DA:36,1
DA:37,1
DA:38,1
DA:39,1
DA:40,1
DA:41,1
DA:42,1
LF:42
LH:42
BRDA:6,0,0,2
BRDA:11,1,0,1
BRDA:16,2,0,1
BRDA:24,3,0,2
BRDA:31,4,0,2
BRF:5
BRH:5
end_of_record
TN:
SF:schemas\moviesSchema.js
FNF:0
FNH:0
DA:1,1
DA:2,1
DA:3,1
DA:4,1
DA:5,1
DA:6,1
DA:7,1
DA:8,1
DA:9,1
DA:10,1
DA:11,1
DA:12,1
LF:12
LH:12
BRF:0
BRH:0
end_of_record
TN:
SF:server\server.js
FN:9,start
FN:34,stop
FNF:2
FNH:2
FNDA:4,start
FNDA:2,stop
DA:1,1
DA:2,1
DA:3,1
DA:4,1
DA:5,1
DA:6,1
DA:7,1
DA:8,1
DA:9,4
DA:10,4
DA:11,4
DA:12,4
DA:13,4
DA:14,4
DA:15,4
DA:16,4
DA:17,1
DA:18,1
DA:19,4
DA:20,4
DA:21,4
DA:22,4
DA:23,1
DA:24,1
DA:25,1
DA:26,4
DA:27,4
DA:28,4
DA:29,4
DA:30,4
DA:31,4
DA:32,4
DA:33,1
DA:34,2
DA:35,2
DA:36,2
DA:37,2
DA:38,1
DA:39,1
DA:40,1
DA:41,1
DA:42,1
LF:42
LH:42
BRDA:9,0,0,4
BRDA:16,1,0,1
BRDA:22,2,0,1
BRDA:27,3,0,4
BRDA:34,4,0,2
BRF:5
BRH:5
end_of_record
