TN:
SF:config\database.js
FN:4,connect
FN:12,disconnect
FNF:2
FNH:2
FNDA:3,connect
FNDA:2,disconnect
DA:1,1
DA:2,1
DA:3,1
DA:4,3
DA:5,3
DA:6,3
DA:7,3
DA:8,3
DA:9,3
DA:10,3
DA:11,1
DA:12,2
DA:13,2
DA:14,1
DA:15,1
DA:16,1
DA:17,1
DA:18,1
DA:19,1
LF:19
LH:19
BRDA:4,0,0,3
BRDA:6,1,0,1
BRDA:12,2,0,2
BRDA:13,3,0,1
BRF:4
BRH:4
end_of_record
TN:
SF:repository\repository.js
FN:4,getAllCities
FN:12,getCinemasByCityId
FNF:2
FNH:2
FNDA:2,getAllCities
FNDA:1,getCinemasByCityId
DA:1,1
DA:2,1
DA:3,1
DA:4,2
DA:5,2
DA:6,2
DA:7,2
DA:8,2
DA:9,2
DA:10,2
DA:11,1
DA:12,1
DA:13,1
DA:14,1
DA:15,1
DA:16,1
DA:17,1
DA:18,1
DA:19,1
DA:20,1
DA:21,1
DA:22,1
LF:22
LH:22
BRDA:4,0,0,2
BRDA:12,1,0,1
BRF:2
BRH:2
end_of_record
