TN:
SF:api\cinemaCatalog.js
FN:1,Object.<anonymous>.module.exports
FNF:1
FNH:1
FNDA:1,Object.<anonymous>.module.exports
DA:1,1
DA:2,1
DA:3,1
DA:4,2
DA:5,2
DA:6,1
DA:7,1
DA:8,1
DA:9,1
DA:10,1
DA:11,2
DA:12,2
DA:13,1
DA:14,1
DA:15,1
DA:16,1
DA:17,1
DA:18,2
DA:19,2
DA:20,1
DA:21,1
DA:22,1
DA:23,1
DA:24,1
DA:25,1
DA:26,1
DA:27,1
DA:28,1
DA:29,1
DA:30,2
DA:31,2
DA:32,1
DA:33,1
DA:34,1
DA:35,1
DA:36,1
DA:37,2
DA:38,2
DA:39,1
DA:40,1
DA:41,1
DA:42,1
DA:43,1
LF:43
LH:43
BRDA:1,0,0,1
BRDA:3,1,0,2
BRDA:5,2,0,1
BRDA:10,3,0,2
BRDA:12,4,0,1
BRDA:17,5,0,2
BRDA:19,6,0,1
BRDA:24,7,0,1
BRDA:29,8,0,2
BRDA:31,9,0,1
BRDA:36,10,0,2
BRDA:38,11,0,1
BRF:12
BRH:12
end_of_record
TN:
SF:config\database.js
FN:4,connect
FN:12,disconnect
FNF:2
FNH:2
FNDA:9,connect
FNDA:2,disconnect
DA:1,1
DA:2,1
DA:3,1
DA:4,9
DA:5,9
DA:6,9
DA:7,9
DA:8,9
DA:9,9
DA:10,9
DA:11,1
DA:12,2
DA:13,2
DA:14,1
DA:15,1
DA:16,1
DA:17,1
DA:18,1
DA:19,1
LF:19
LH:19
BRDA:4,0,0,9
BRDA:6,1,0,2
BRDA:12,2,0,2
BRDA:13,3,0,1
BRF:4
BRH:4
end_of_record
TN:
SF:repository\repository.js
FN:4,getAllCities
FN:12,getCinemasByCityId
FN:21,getMoviesByCinemaId
FN:35,getMoviesByCityId
FN:49,getMovieSessionsByCityId
FN:76,getMovieSessionsByCinemaId
FNF:6
FNH:6
FNDA:2,getAllCities
FNDA:2,getCinemasByCityId
FNDA:1,getMoviesByCinemaId
FNDA:1,getMoviesByCityId
FNDA:1,getMovieSessionsByCityId
FNDA:1,getMovieSessionsByCinemaId
DA:1,1
DA:2,1
DA:3,1
DA:4,2
DA:5,2
DA:6,2
DA:7,2
DA:8,2
DA:9,2
DA:10,2
DA:11,1
DA:12,2
DA:13,2
DA:14,2
DA:15,2
DA:16,2
DA:17,2
DA:18,2
DA:19,2
DA:20,1
DA:21,1
DA:22,1
DA:23,1
DA:24,1
DA:25,1
DA:26,1
DA:27,1
DA:28,1
DA:29,1
DA:30,1
DA:31,1
DA:32,1
DA:33,1
DA:34,1
DA:35,1
DA:36,1
DA:37,1
DA:38,1
DA:39,1
DA:40,1
DA:41,1
DA:42,1
DA:43,1
DA:44,1
DA:45,1
DA:46,1
DA:47,1
DA:48,1
DA:49,1
DA:50,1
DA:51,1
DA:52,1
DA:53,1
DA:54,1
DA:55,1
DA:56,1
DA:57,1
DA:58,1
DA:59,1
DA:60,1
DA:61,1
DA:62,1
DA:63,1
DA:64,1
DA:65,1
DA:66,1
DA:67,1
DA:68,1
DA:69,1
DA:70,1
DA:71,1
DA:72,1
DA:73,1
DA:74,1
DA:75,1
DA:76,1
DA:77,1
DA:78,1
DA:79,1
DA:80,1
DA:81,1
DA:82,1
DA:83,1
DA:84,1
DA:85,1
DA:86,1
DA:87,1
DA:88,1
DA:89,1
DA:90,1
DA:91,1
DA:92,1
DA:93,1
DA:94,1
DA:95,1
DA:96,1
DA:97,1
DA:98,1
DA:99,1
DA:100,1
DA:101,1
DA:102,1
DA:103,1
DA:104,1
DA:105,1
DA:106,1
DA:107,1
DA:108,1
DA:109,1
DA:110,1
LF:110
LH:110
BRDA:4,0,0,2
BRDA:12,1,0,2
BRDA:21,2,0,1
BRDA:32,3,0,4
BRDA:35,4,0,1
BRDA:46,5,0,4
BRDA:49,6,0,1
BRDA:73,7,0,1
BRDA:76,8,0,1
BRDA:100,9,0,1
BRF:10
BRH:10
end_of_record
TN:
SF:server\server.js
FN:7,start
FN:31,stop
FNF:2
FNH:2
FNDA:4,start
FNDA:1,stop
DA:1,1
DA:2,1
DA:3,1
DA:4,1
DA:5,1
DA:6,1
DA:7,4
DA:8,4
DA:9,4
DA:10,4
DA:11,4
DA:12,4
DA:13,4
DA:14,1
DA:15,1
DA:16,4
DA:17,4
DA:18,4
DA:19,4
DA:20,1
DA:21,1
DA:22,1
DA:23,4
DA:24,4
DA:25,4
DA:26,4
DA:27,4
DA:28,4
DA:29,4
DA:30,1
DA:31,1
DA:32,1
DA:33,1
DA:34,1
DA:35,1
DA:36,1
DA:37,1
DA:38,1
DA:39,1
LF:39
LH:39
BRDA:7,0,0,4
BRDA:13,1,0,1
BRDA:19,2,0,1
BRDA:24,3,0,4
BRDA:31,4,0,1
BRF:5
BRH:5
end_of_record
